2020-01-31 13:55:01.698  INFO 9596 --- [main] com.project.demo.App                     : Starting App on LAPTOP-M0F0661E with PID 9596 (D:\MyDataArea\JAVA_CODE\space\target\classes started by YZL in D:\MyDataArea\JAVA_CODE\space)
2020-01-31 13:55:01.700 DEBUG 9596 --- [main] com.project.demo.App                     : Running with Spring Boot v2.1.8.RELEASE, Spring v5.1.9.RELEASE
2020-01-31 13:55:01.700  INFO 9596 --- [main] com.project.demo.App                     : The following profiles are active: dev
2020-01-31 13:55:02.289  WARN 9596 --- [main] o.m.s.mapper.ClassPathMapperScanner      : No MyBatis mapper was found in '[com.project.demo.dao]' package. Please check your configuration.
2020-01-31 13:55:02.376  WARN 9596 --- [main] o.m.s.mapper.ClassPathMapperScanner      : No MyBatis mapper was found in '[com.project.demo]' package. Please check your configuration.
2020-01-31 13:55:02.414  INFO 9596 --- [main] .s.d.r.c.RepositoryConfigurationDelegate : Multiple Spring Data modules found, entering strict repository configuration mode!
2020-01-31 13:55:02.416  INFO 9596 --- [main] .s.d.r.c.RepositoryConfigurationDelegate : Bootstrapping Spring Data repositories in DEFAULT mode.
2020-01-31 13:55:02.434  INFO 9596 --- [main] .s.d.r.c.RepositoryConfigurationDelegate : Finished Spring Data repository scanning in 6ms. Found 0 repository interfaces.
2020-01-31 13:55:02.653  INFO 9596 --- [main] trationDelegate$BeanPostProcessorChecker : Bean 'org.springframework.transaction.annotation.ProxyTransactionManagementConfiguration' of type [org.springframework.transaction.annotation.ProxyTransactionManagementConfiguration$$EnhancerBySpringCGLIB$$2a449d10] is not eligible for getting processed by all BeanPostProcessors (for example: not eligible for auto-proxying)
2020-01-31 13:55:02.865  INFO 9596 --- [main] o.s.b.w.embedded.tomcat.TomcatWebServer  : Tomcat initialized with port(s): 8088 (http)
2020-01-31 13:55:02.883  INFO 9596 --- [main] o.apache.catalina.core.StandardService   : Starting service [Tomcat]
2020-01-31 13:55:02.883  INFO 9596 --- [main] org.apache.catalina.core.StandardEngine  : Starting Servlet engine: [Apache Tomcat/9.0.24]
2020-01-31 13:55:02.954  INFO 9596 --- [main] o.a.c.c.C.[Tomcat].[localhost].[/]       : Initializing Spring embedded WebApplicationContext
2020-01-31 13:55:02.955  INFO 9596 --- [main] o.s.web.context.ContextLoader            : Root WebApplicationContext: initialization completed in 1213 ms
2020-01-31 13:55:03.229  INFO 9596 --- [main] torConfig$VisiableThreadPoolTaskExecutor : Initializing ExecutorService
2020-01-31 13:55:03.230  INFO 9596 --- [main] torConfig$VisiableThreadPoolTaskExecutor : Initializing ExecutorService 'asyncServiceExecutor'
2020-01-31 13:55:03.244  INFO 9596 --- [main] pertySourcedRequestMappingHandlerMapping : Mapped URL path [/v2/api-docs] onto method [public org.springframework.http.ResponseEntity<springfox.documentation.spring.web.json.Json> springfox.documentation.swagger2.web.Swagger2Controller.getDocumentation(java.lang.String,javax.servlet.http.HttpServletRequest)]
2020-01-31 13:55:03.926  INFO 9596 --- [main] d.s.w.p.DocumentationPluginsBootstrapper : Context refreshed
2020-01-31 13:55:03.942  INFO 9596 --- [main] d.s.w.p.DocumentationPluginsBootstrapper : Found 1 custom documentation plugin(s)
2020-01-31 13:55:03.964  INFO 9596 --- [main] s.d.s.w.s.ApiListingReferenceScanner     : Scanning for api listing references
2020-01-31 13:55:04.079  INFO 9596 --- [main] o.s.b.w.embedded.tomcat.TomcatWebServer  : Tomcat started on port(s): 8088 (http) with context path ''
2020-01-31 13:55:04.081  INFO 9596 --- [main] com.project.demo.App                     : Started App in 2.739 seconds (JVM running for 4.027)
